<?xml version="1.0" encoding="UTF-8"?>
<testng-results ignored="1" total="2" passed="1" failed="0" skipped="0">
  <reporter-output>
  </reporter-output>
  <suite started-at="2023-08-19T18:43:48 IST" name="Default suite" finished-at="2023-08-19T18:44:03 IST" duration-ms="15200">
    <groups>
    </groups>
    <test started-at="2023-08-19T18:43:48 IST" name="Default test" finished-at="2023-08-19T18:44:03 IST" duration-ms="15200">
      <class name="TestCase.LoginTestCase">
        <test-method is-config="true" signature="start()[pri:0, instance:TestCase.LoginTestCase@4f2b503c]" started-at="2023-08-19T18:43:48 IST" name="start" finished-at="2023-08-19T18:43:56 IST" duration-ms="8177" status="PASS">
          <reporter-output>
          </reporter-output>
        </test-method> <!-- start -->
        <test-method signature="tc003invalidPswd()[pri:0, instance:TestCase.LoginTestCase@4f2b503c]" started-at="2023-08-19T18:43:56 IST" name="tc003invalidPswd" finished-at="2023-08-19T18:44:03 IST" duration-ms="6692" status="PASS">
          <reporter-output>
          </reporter-output>
        </test-method> <!-- tc003invalidPswd -->
        <test-method is-config="true" signature="closeUp()[pri:0, instance:TestCase.LoginTestCase@4f2b503c]" started-at="2023-08-19T18:44:03 IST" name="closeUp" finished-at="2023-08-19T18:44:03 IST" duration-ms="304" status="PASS">
          <reporter-output>
          </reporter-output>
        </test-method> <!-- closeUp -->
      </class> <!-- TestCase.LoginTestCase -->
    </test> <!-- Default test -->
  </suite> <!-- Default suite -->
</testng-results>
